<?xml version="1.0" encoding="UTF-8" standalone="no"?>
<testsuite failures="0" name="cucumber.runtime.formatter.JUnitFormatter" skipped="0" tests="1" time="19.225056">
<testcase classname="Login to facebook application" name="Facebook login Scenario" time="19.225056">
<system-out><![CDATA[Given open chrome browser...................................................passed
When user enters username and password......................................passed
Then user clicks on login button............................................passed
Then close the browser......................................................passed
]]></system-out>
</testcase>
</testsuite>
